
/home/runner/work/exp-harvesting-prey-population-au/exp-harvesting-prey-population-au/experiment/simulation/js/chart.js
  2:7  warning  'Chart' is assigned a value but never used  no-unused-vars

/home/runner/work/exp-harvesting-prey-population-au/exp-harvesting-prey-population-au/experiment/simulation/js/common.js
   3:10   warning  'dl' is defined but never used           no-unused-vars
   4:10   warning  'downloadPNG' is defined but never used  no-unused-vars
   6:10   warning  'setLegend' is defined but never used    no-unused-vars
   7:10   warning  'saveRun' is defined but never used      no-unused-vars
   8:10   warning  'loadRun' is defined but never used      no-unused-vars
   8:291  warning  'sync' is not defined                    no-undef
  11:10   warning  'renderField' is defined but never used  no-unused-vars
  18:10   warning  'toggleFS' is defined but never used     no-unused-vars

/home/runner/work/exp-harvesting-prey-population-au/exp-harvesting-prey-population-au/experiment/simulation/js/main.js
  23:5    warning  'Chart' is not defined                   no-undef
  24:5    warning  'setLegend' is not defined               no-undef
  28:5    warning  'Chart' is not defined                   no-undef
  28:84   warning  'setLegend' is not defined               no-undef
  35:10   warning  'resetSim' is defined but never used     no-unused-vars
  35:138  warning  'toast' is not defined                   no-undef
  36:10   warning  'downloadCSV' is defined but never used  no-unused-vars
  36:34   warning  'toast' is not defined                   no-undef
  36:466  warning  'dl' is not defined                      no-undef
  36:502  warning  'toast' is not defined                   no-undef

✖ 19 problems (0 errors, 19 warnings)

